<?xml version="1.0" encoding="UTF-8"?>
<!-- Generated by org.testng.reporters.JUnitXMLReporter -->
<testsuite hostname="Aparnas-MacBook-Pro-3.local" ignored="0" name="Test" tests="5" failures="2" timestamp="29 Apr 2019 03:20:59 GMT" time="0.634" errors="0">
  <testcase name="logInTest" time="0.005" classname="gmailLoginTestPackage.LoginTest"/>
  <testcase name="test1" time="0.006" classname="gmailLoginTestPackage.LandingPageTest"/>
  <testcase name="test2" time="0.002" classname="gmailLoginTestPackage.LandingPageTest"/>
  <testcase name="test3" time="0.004" classname="gmailLoginTestPackage.LandingPageTest">
    <failure type="java.lang.AssertionError" message="expected [false] but found [true]">
      <![CDATA[java.lang.AssertionError: expected [false] but found [true]
at gmailLoginTestPackage.LandingPageTest.test3(LandingPageTest.java:49)
... Removed 31 stack frames]]>
    </failure>
  </testcase> <!-- test3 -->
  <testcase name="test4" time="0.002" classname="gmailLoginTestPackage.LandingPageTest">
    <failure type="java.lang.AssertionError" message="expected [false] but found [true]">
      <![CDATA[java.lang.AssertionError: expected [false] but found [true]
at gmailLoginTestPackage.LandingPageTest.test4(LandingPageTest.java:56)
... Removed 31 stack frames]]>
    </failure>
  </testcase> <!-- test4 -->
</testsuite> <!-- Test -->
