<?xml version="1.0" encoding="UTF-8"?>
<!-- Generated by org.testng.reporters.JUnitXMLReporter -->
<testsuite hostname="aparnas-mbp-3.in.ibm.com" ignored="0" name="Command line test" tests="5" failures="2" timestamp="29 Apr 2019 08:48:08 GMT" time="0.68" errors="0">
  <testcase name="test1" time="0.004" classname="gmailLoginTestPackage.LandingPageTest"/>
  <testcase name="test2" time="0.0" classname="gmailLoginTestPackage.LandingPageTest"/>
  <testcase name="test3" time="0.004" classname="gmailLoginTestPackage.LandingPageTest">
    <failure type="java.lang.AssertionError" message="expected [false] but found [true]">
      <![CDATA[java.lang.AssertionError: expected [false] but found [true]
at gmailLoginTestPackage.LandingPageTest.test3(LandingPageTest.java:49)
... Removed 41 stack frames]]>
    </failure>
  </testcase> <!-- test3 -->
  <testcase name="test4" time="0.001" classname="gmailLoginTestPackage.LandingPageTest">
    <failure type="java.lang.AssertionError" message="expected [false] but found [true]">
      <![CDATA[java.lang.AssertionError: expected [false] but found [true]
at gmailLoginTestPackage.LandingPageTest.test4(LandingPageTest.java:56)
... Removed 41 stack frames]]>
    </failure>
  </testcase> <!-- test4 -->
  <testcase name="logInTest" time="0.0" classname="gmailLoginTestPackage.LoginTest"/>
</testsuite> <!-- Command line test -->
